<?xml version="1.0" encoding="UTF-8"?>
<robot generator="Robot 5.0.1 (Python 3.10.7 on win32)" generated="20220927 14:18:20.895" rpa="false" schemaversion="3">
<suite id="s1" name="Hello" source="C:\Projetos\qaninja\vtd2\trade-sticker\hello.robot">
<test id="s1-t1" name="Deve validar o slogan da home page" line="8">
<kw name="New Browser" library="Browser">
<arg>headless=False</arg>
<tag>BrowserControl</tag>
<tag>Setter</tag>
<doc>Create a new playwright Browser with specified options.</doc>
<msg timestamp="20220927 14:18:22.447" level="INFO">{"browser": "chromium", "headless": false, "devtools": false, "handleSIGHUP": true, "handleSIGINT": true, "handleSIGTERM": true, "slowMo": 0.0, "timeout": 30000.0, "deprecated_pos_args": [], "tracesDir": "C:\\Projetos\\qaninja\\vtd2\\trade-sticker\\browser\\traces\\e731bad9-fef8-4886-b857-80208dadaecc"}</msg>
<msg timestamp="20220927 14:18:23.799" level="INFO">Successfully created browser with options: {"browser":"chromium","headless":false,"devtools":false,"handleSIGHUP":true,"handleSIGINT":true,"handleSIGTERM":true,"slowMo":0,"timeout":30000,"deprecated_pos_args":[],"tracesDir":"C:\\Projetos\\qaninja\\vtd2\\trade-sticker\\browser\\traces\\e731bad9-fef8-4886-b857-80208dadaecc"}</msg>
<status status="PASS" starttime="20220927 14:18:22.445" endtime="20220927 14:18:23.799"/>
</kw>
<kw name="New Page" library="Browser">
<arg>https://trade-sticker-dev.vercel.app</arg>
<tag>BrowserControl</tag>
<tag>Setter</tag>
<doc>Open a new Page.</doc>
<msg timestamp="20220927 14:18:26.909" level="INFO">Successfully initialized new page object and opened url: https://trade-sticker-dev.vercel.app</msg>
<msg timestamp="20220927 14:18:26.909" level="INFO">No context was open. New context was automatically opened when this page is created.</msg>
<status status="PASS" starttime="20220927 14:18:23.828" endtime="20220927 14:18:26.911"/>
</kw>
<kw name="Get Text" library="Browser">
<arg>.logo-container h2</arg>
<arg>contains</arg>
<arg>${slogan}</arg>
<tag>Assertion</tag>
<tag>Getter</tag>
<tag>PageContent</tag>
<doc>Returns text attribute of the element found by ``selector``.</doc>
<status status="PASS" starttime="20220927 14:18:26.916" endtime="20220927 14:18:27.038"/>
</kw>
<kw name="Take Screenshot" library="Browser">
<tag>PageContent</tag>
<doc>Takes a screenshot of the current window or element and saves it to disk.</doc>
<msg timestamp="20220927 14:18:27.751" level="INFO" html="true">&lt;/td&gt;&lt;/tr&gt;&lt;tr&gt;&lt;td colspan="3"&gt;&lt;a href="browser/screenshot/robotframework-browser-screenshot-1.png"&gt;&lt;img src="browser/screenshot/robotframework-browser-screenshot-1.png" width="800px"&gt;&lt;/a&gt;</msg>
<status status="PASS" starttime="20220927 14:18:27.039" endtime="20220927 14:18:27.753"/>
</kw>
<status status="PASS" starttime="20220927 14:18:22.438" endtime="20220927 14:18:27.755"/>
</test>
<status status="PASS" starttime="20220927 14:18:20.898" endtime="20220927 14:18:27.992"/>
</suite>
<statistics>
<total>
<stat pass="1" fail="0" skip="0">All Tests</stat>
</total>
<tag>
</tag>
<suite>
<stat pass="1" fail="0" skip="0" id="s1" name="Hello">Hello</stat>
</suite>
</statistics>
<errors>
</errors>
</robot>
