<?xml version="1.0" encoding="UTF-8"?>
<robot generator="Robot 5.0.1 (Python 3.10.7 on win32)" generated="20220928 17:57:10.851" rpa="false" schemaversion="3">
<suite id="s1" name="Trade" source="C:\Projetos\qaninja\vtd2\trade-sticker\tests\trade.robot">
<test id="s1-t1" name="Deve negociar a figurinha Neymar Legend" line="8">
<kw name="Go To Login Page" library="login">
<kw name="New Browser" library="Browser">
<arg>headless=False</arg>
<tag>BrowserControl</tag>
<tag>Setter</tag>
<doc>Create a new playwright Browser with specified options.</doc>
<msg timestamp="20220928 17:57:12.422" level="INFO">{"browser": "chromium", "headless": false, "devtools": false, "handleSIGHUP": true, "handleSIGINT": true, "handleSIGTERM": true, "slowMo": 0.0, "timeout": 30000.0, "deprecated_pos_args": [], "tracesDir": "C:\\Projetos\\qaninja\\vtd2\\trade-sticker\\logs\\browser\\traces\\8e8e2c8a-da1b-46de-b596-e9c85afc8f3c"}</msg>
<msg timestamp="20220928 17:57:13.885" level="INFO">Successfully created browser with options: {"browser":"chromium","headless":false,"devtools":false,"handleSIGHUP":true,"handleSIGINT":true,"handleSIGTERM":true,"slowMo":0,"timeout":30000,"deprecated_pos_args":[],"tracesDir":"C:\\Projetos\\qaninja\\vtd2\\trade-sticker\\logs\\browser\\traces\\8e8e2c8a-da1b-46de-b596-e9c85afc8f3c"}</msg>
<status status="PASS" starttime="20220928 17:57:12.420" endtime="20220928 17:57:13.885"/>
</kw>
<kw name="New Page" library="Browser">
<arg>https://trade-sticker-dev.vercel.app</arg>
<tag>BrowserControl</tag>
<tag>Setter</tag>
<doc>Open a new Page.</doc>
<msg timestamp="20220928 17:57:17.057" level="INFO">Successfully initialized new page object and opened url: https://trade-sticker-dev.vercel.app</msg>
<msg timestamp="20220928 17:57:17.058" level="INFO">No context was open. New context was automatically opened when this page is created.</msg>
<status status="PASS" starttime="20220928 17:57:13.886" endtime="20220928 17:57:17.058"/>
</kw>
<status status="PASS" starttime="20220928 17:57:12.418" endtime="20220928 17:57:17.059"/>
</kw>
<kw name="Submit Credentials" library="login">
<arg>papito@gmail.com</arg>
<arg>vaibrasil</arg>
<kw name="Fill Text" library="Browser">
<arg>css=input[name=email]</arg>
<arg>${email}</arg>
<tag>PageContent</tag>
<tag>Setter</tag>
<doc>Clears and fills the given ``txt`` into the text field found by ``selector``.</doc>
<msg timestamp="20220928 17:57:17.065" level="INFO">Fills the text 'papito@gmail.com' in the given field.</msg>
<status status="PASS" starttime="20220928 17:57:17.063" endtime="20220928 17:57:17.189"/>
</kw>
<kw name="Fill Text" library="Browser">
<arg>css=input[name=password]</arg>
<arg>${password}</arg>
<tag>PageContent</tag>
<tag>Setter</tag>
<doc>Clears and fills the given ``txt`` into the text field found by ``selector``.</doc>
<msg timestamp="20220928 17:57:17.190" level="INFO">Fills the text 'vaibrasil' in the given field.</msg>
<status status="PASS" starttime="20220928 17:57:17.190" endtime="20220928 17:57:17.226"/>
</kw>
<kw name="Click" library="Browser">
<arg>css=button &gt;&gt; text=Entrar</arg>
<tag>PageContent</tag>
<tag>Setter</tag>
<doc>Simulates mouse click on the element found by ``selector``.</doc>
<status status="PASS" starttime="20220928 17:57:17.226" endtime="20220928 17:57:17.323"/>
</kw>
<status status="PASS" starttime="20220928 17:57:17.062" endtime="20220928 17:57:17.323"/>
</kw>
<kw name="User Logged In" library="dash">
<kw name="Set Variable" library="BuiltIn">
<var>${header_title}</var>
<arg>Aquela figurinha incrível a um clique de distância.</arg>
<doc>Returns the given values which can then be assigned to a variables.</doc>
<msg timestamp="20220928 17:57:17.329" level="INFO">${header_title} = Aquela figurinha incrível a um clique de distância.</msg>
<status status="PASS" starttime="20220928 17:57:17.328" endtime="20220928 17:57:17.329"/>
</kw>
<kw name="Get Text" library="Browser">
<arg>css=.header-content strong</arg>
<arg>equal</arg>
<arg>${header_title}</arg>
<tag>Assertion</tag>
<tag>Getter</tag>
<tag>PageContent</tag>
<doc>Returns text attribute of the element found by ``selector``.</doc>
<status status="PASS" starttime="20220928 17:57:17.330" endtime="20220928 17:57:17.416"/>
</kw>
<status status="PASS" starttime="20220928 17:57:17.324" endtime="20220928 17:57:17.416"/>
</kw>
<kw name="Search User" library="dash">
<arg>legend</arg>
<kw name="Fill Text" library="Browser">
<arg>input[placeholder^=Busque]</arg>
<arg>${target}</arg>
<tag>PageContent</tag>
<tag>Setter</tag>
<doc>Clears and fills the given ``txt`` into the text field found by ``selector``.</doc>
<msg timestamp="20220928 17:57:17.420" level="INFO">Fills the text 'legend' in the given field.</msg>
<status status="PASS" starttime="20220928 17:57:17.419" endtime="20220928 17:57:17.492"/>
</kw>
<kw name="Click" library="Browser">
<arg>css=button &gt;&gt; text=Buscar</arg>
<tag>PageContent</tag>
<tag>Setter</tag>
<doc>Simulates mouse click on the element found by ``selector``.</doc>
<status status="PASS" starttime="20220928 17:57:17.492" endtime="20220928 17:57:17.587"/>
</kw>
<status status="PASS" starttime="20220928 17:57:17.417" endtime="20220928 17:57:17.588"/>
</kw>
<kw name="Select Sticker" library="dash">
<arg>Neymar Jr</arg>
<kw name="Click" library="Browser">
<arg>xpath=//img[@alt="${name}"]/..</arg>
<tag>PageContent</tag>
<tag>Setter</tag>
<doc>Simulates mouse click on the element found by ``selector``.</doc>
<status status="PASS" starttime="20220928 17:57:17.590" endtime="20220928 17:57:18.452"/>
</kw>
<status status="PASS" starttime="20220928 17:57:17.588" endtime="20220928 17:57:18.453"/>
</kw>
<kw name="Get In Touch" library="dash">
<kw name="Click" library="Browser">
<arg>css=button &gt;&gt; text=Entrar em contato</arg>
<tag>PageContent</tag>
<tag>Setter</tag>
<doc>Simulates mouse click on the element found by ``selector``.</doc>
<status status="PASS" starttime="20220928 17:57:18.458" endtime="20220928 17:57:18.638"/>
</kw>
<status status="PASS" starttime="20220928 17:57:18.456" endtime="20220928 17:57:18.639"/>
</kw>
<kw name="Whatsapp Sticker Message" library="dash">
<arg>Neymar Jr</arg>
<kw name="Set Variable" library="BuiltIn">
<var>${expected_message}</var>
<arg>Oi, achei o seu contato no Trade Sticker. Estou interessado(a) na figurinha do ${sticker_name}, bora negociar?</arg>
<doc>Returns the given values which can then be assigned to a variables.</doc>
<msg timestamp="20220928 17:57:18.719" level="INFO">${expected_message} = Oi, achei o seu contato no Trade Sticker. Estou interessado(a) na figurinha do Neymar Jr, bora negociar?</msg>
<status status="PASS" starttime="20220928 17:57:18.718" endtime="20220928 17:57:18.719"/>
</kw>
<kw name="Switch Page" library="Browser">
<arg>NEW</arg>
<tag>BrowserControl</tag>
<tag>Setter</tag>
<doc>Switches the active browser page to another open page by ``id`` or ``NEW``.</doc>
<msg timestamp="20220928 17:57:18.721" level="INFO">Switching to page NEW,context CURRENT, browser CURRENT</msg>
<msg timestamp="20220928 17:57:19.643" level="INFO">Activated new page page=63de1a55-5b21-4e9b-bf2f-286b4c0e3dd1</msg>
<status status="PASS" starttime="20220928 17:57:18.720" endtime="20220928 17:57:19.643"/>
</kw>
<kw name="Wait For Elements State" library="Browser">
<arg>css=p &gt;&gt; text=${expected_message}</arg>
<arg>visible</arg>
<arg>5000</arg>
<tag>PageContent</tag>
<tag>Wait</tag>
<doc>Waits for the element found by ``selector`` to satisfy state option.</doc>
<msg timestamp="20220928 17:57:20.456" level="INFO">Waited for Element with selector css=p &gt;&gt; text=Oi, achei o seu contato no Trade Sticker. Estou interessado(a) na figurinha do Neymar Jr, bora negociar? at state visible</msg>
<status status="PASS" starttime="20220928 17:57:19.644" endtime="20220928 17:57:20.456"/>
</kw>
<status status="PASS" starttime="20220928 17:57:18.715" endtime="20220928 17:57:20.457"/>
</kw>
<kw name="Take Screenshot" library="Browser">
<tag>PageContent</tag>
<doc>Takes a screenshot of the current window or element and saves it to disk.</doc>
<msg timestamp="20220928 17:57:20.675" level="INFO" html="true">&lt;/td&gt;&lt;/tr&gt;&lt;tr&gt;&lt;td colspan="3"&gt;&lt;a href="browser/screenshot/robotframework-browser-screenshot-1.png"&gt;&lt;img src="browser/screenshot/robotframework-browser-screenshot-1.png" width="800px"&gt;&lt;/a&gt;</msg>
<status status="PASS" starttime="20220928 17:57:20.459" endtime="20220928 17:57:20.675"/>
</kw>
<kw name="Sleep" library="BuiltIn">
<arg>5</arg>
<doc>Pauses the test executed for the given time.</doc>
<msg timestamp="20220928 17:57:25.687" level="INFO">Slept 5 seconds</msg>
<status status="PASS" starttime="20220928 17:57:20.686" endtime="20220928 17:57:25.688"/>
</kw>
<status status="PASS" starttime="20220928 17:57:12.412" endtime="20220928 17:57:25.689"/>
</test>
<doc>Teste de negociação de figurinhas da copa</doc>
<status status="PASS" starttime="20220928 17:57:10.856" endtime="20220928 17:57:26.149"/>
</suite>
<statistics>
<total>
<stat pass="1" fail="0" skip="0">All Tests</stat>
</total>
<tag>
</tag>
<suite>
<stat pass="1" fail="0" skip="0" id="s1" name="Trade">Trade</stat>
</suite>
</statistics>
<errors>
</errors>
</robot>
