<?xml version="1.0" encoding="UTF-8"?>
<robot generator="Robot 5.0.1 (Python 3.10.7 on win32)" generated="20220927 19:31:02.059" rpa="false" schemaversion="3">
<suite id="s1" name="Login" source="C:\Projetos\qaninja\vtd2\trade-sticker\tests\login.robot">
<test id="s1-t1" name="Deve logar com sucesso" line="7">
<kw name="Go To Login Page">
<kw name="New Browser" library="Browser">
<arg>headless=False</arg>
<tag>BrowserControl</tag>
<tag>Setter</tag>
<doc>Create a new playwright Browser with specified options.</doc>
<msg timestamp="20220927 19:31:04.165" level="INFO">{"browser": "chromium", "headless": false, "devtools": false, "handleSIGHUP": true, "handleSIGINT": true, "handleSIGTERM": true, "slowMo": 0.0, "timeout": 30000.0, "deprecated_pos_args": [], "tracesDir": "C:\\Projetos\\qaninja\\vtd2\\trade-sticker\\logs\\browser\\traces\\d24624e1-ba8f-413c-aa6d-4c3c905f52f4"}</msg>
<msg timestamp="20220927 19:31:05.769" level="INFO">Successfully created browser with options: {"browser":"chromium","headless":false,"devtools":false,"handleSIGHUP":true,"handleSIGINT":true,"handleSIGTERM":true,"slowMo":0,"timeout":30000,"deprecated_pos_args":[],"tracesDir":"C:\\Projetos\\qaninja\\vtd2\\trade-sticker\\logs\\browser\\traces\\d24624e1-ba8f-413c-aa6d-4c3c905f52f4"}</msg>
<status status="PASS" starttime="20220927 19:31:04.164" endtime="20220927 19:31:05.770"/>
</kw>
<kw name="New Page" library="Browser">
<arg>https://trade-sticker-dev.vercel.app</arg>
<tag>BrowserControl</tag>
<tag>Setter</tag>
<doc>Open a new Page.</doc>
<msg timestamp="20220927 19:31:09.226" level="INFO">Successfully initialized new page object and opened url: https://trade-sticker-dev.vercel.app</msg>
<msg timestamp="20220927 19:31:09.226" level="INFO">No context was open. New context was automatically opened when this page is created.</msg>
<status status="PASS" starttime="20220927 19:31:05.770" endtime="20220927 19:31:09.226"/>
</kw>
<status status="PASS" starttime="20220927 19:31:04.163" endtime="20220927 19:31:09.227"/>
</kw>
<kw name="Submit Credentials">
<arg>papito@gmail.com</arg>
<arg>vaibrasil</arg>
<kw name="Fill Text" library="Browser">
<arg>css=input[name=email]</arg>
<arg>${email}</arg>
<tag>PageContent</tag>
<tag>Setter</tag>
<doc>Clears and fills the given ``txt`` into the text field found by ``selector``.</doc>
<msg timestamp="20220927 19:31:09.230" level="INFO">Fills the text 'papito@gmail.com' in the given field.</msg>
<status status="PASS" starttime="20220927 19:31:09.229" endtime="20220927 19:31:09.392"/>
</kw>
<kw name="Fill Text" library="Browser">
<arg>css=input[name=password]</arg>
<arg>${password}</arg>
<tag>PageContent</tag>
<tag>Setter</tag>
<doc>Clears and fills the given ``txt`` into the text field found by ``selector``.</doc>
<msg timestamp="20220927 19:31:09.393" level="INFO">Fills the text 'vaibrasil' in the given field.</msg>
<status status="PASS" starttime="20220927 19:31:09.393" endtime="20220927 19:31:09.436"/>
</kw>
<kw name="Click" library="Browser">
<arg>css=button &gt;&gt; text=Entrar</arg>
<tag>PageContent</tag>
<tag>Setter</tag>
<doc>Simulates mouse click on the element found by ``selector``.</doc>
<status status="PASS" starttime="20220927 19:31:09.437" endtime="20220927 19:31:09.574"/>
</kw>
<status status="PASS" starttime="20220927 19:31:09.228" endtime="20220927 19:31:09.575"/>
</kw>
<kw name="User Logged In">
<kw name="Set Variable" library="BuiltIn">
<var>${header_title}</var>
<arg>Aquela figurinha incrível a um clique de distância.</arg>
<doc>Returns the given values which can then be assigned to a variables.</doc>
<msg timestamp="20220927 19:31:09.577" level="INFO">${header_title} = Aquela figurinha incrível a um clique de distância.</msg>
<status status="PASS" starttime="20220927 19:31:09.576" endtime="20220927 19:31:09.577"/>
</kw>
<kw name="Get Text" library="Browser">
<arg>css=.header-content strong</arg>
<arg>equal</arg>
<arg>${header_title}</arg>
<tag>Assertion</tag>
<tag>Getter</tag>
<tag>PageContent</tag>
<doc>Returns text attribute of the element found by ``selector``.</doc>
<status status="PASS" starttime="20220927 19:31:09.578" endtime="20220927 19:31:09.654"/>
</kw>
<status status="PASS" starttime="20220927 19:31:09.575" endtime="20220927 19:31:09.654"/>
</kw>
<status status="PASS" starttime="20220927 19:31:04.155" endtime="20220927 19:31:09.656"/>
</test>
<test id="s1-t2" name="Não deve logar com senha incorreta" line="12">
<kw name="Go To Login Page">
<kw name="New Browser" library="Browser">
<arg>headless=False</arg>
<tag>BrowserControl</tag>
<tag>Setter</tag>
<doc>Create a new playwright Browser with specified options.</doc>
<msg timestamp="20220927 19:31:09.991" level="INFO">{"browser": "chromium", "headless": false, "devtools": false, "handleSIGHUP": true, "handleSIGINT": true, "handleSIGTERM": true, "slowMo": 0.0, "timeout": 30000.0, "deprecated_pos_args": [], "tracesDir": "C:\\Projetos\\qaninja\\vtd2\\trade-sticker\\logs\\browser\\traces\\a2e3059c-8bdb-449c-bd65-e635c6b5bae0"}</msg>
<msg timestamp="20220927 19:31:11.572" level="INFO">Successfully created browser with options: {"browser":"chromium","headless":false,"devtools":false,"handleSIGHUP":true,"handleSIGINT":true,"handleSIGTERM":true,"slowMo":0,"timeout":30000,"deprecated_pos_args":[],"tracesDir":"C:\\Projetos\\qaninja\\vtd2\\trade-sticker\\logs\\browser\\traces\\a2e3059c-8bdb-449c-bd65-e635c6b5bae0"}</msg>
<status status="PASS" starttime="20220927 19:31:09.989" endtime="20220927 19:31:11.573"/>
</kw>
<kw name="New Page" library="Browser">
<arg>https://trade-sticker-dev.vercel.app</arg>
<tag>BrowserControl</tag>
<tag>Setter</tag>
<doc>Open a new Page.</doc>
<msg timestamp="20220927 19:31:13.938" level="INFO">Successfully initialized new page object and opened url: https://trade-sticker-dev.vercel.app</msg>
<msg timestamp="20220927 19:31:13.938" level="INFO">No context was open. New context was automatically opened when this page is created.</msg>
<status status="PASS" starttime="20220927 19:31:11.573" endtime="20220927 19:31:13.939"/>
</kw>
<status status="PASS" starttime="20220927 19:31:09.986" endtime="20220927 19:31:13.940"/>
</kw>
<kw name="Submit Credentials">
<arg>papito@gmail.com</arg>
<arg>abc123</arg>
<kw name="Fill Text" library="Browser">
<arg>css=input[name=email]</arg>
<arg>${email}</arg>
<tag>PageContent</tag>
<tag>Setter</tag>
<doc>Clears and fills the given ``txt`` into the text field found by ``selector``.</doc>
<msg timestamp="20220927 19:31:13.946" level="INFO">Fills the text 'papito@gmail.com' in the given field.</msg>
<status status="PASS" starttime="20220927 19:31:13.945" endtime="20220927 19:31:14.081"/>
</kw>
<kw name="Fill Text" library="Browser">
<arg>css=input[name=password]</arg>
<arg>${password}</arg>
<tag>PageContent</tag>
<tag>Setter</tag>
<doc>Clears and fills the given ``txt`` into the text field found by ``selector``.</doc>
<msg timestamp="20220927 19:31:14.083" level="INFO">Fills the text 'abc123' in the given field.</msg>
<status status="PASS" starttime="20220927 19:31:14.082" endtime="20220927 19:31:14.120"/>
</kw>
<kw name="Click" library="Browser">
<arg>css=button &gt;&gt; text=Entrar</arg>
<tag>PageContent</tag>
<tag>Setter</tag>
<doc>Simulates mouse click on the element found by ``selector``.</doc>
<status status="PASS" starttime="20220927 19:31:14.120" endtime="20220927 19:31:14.217"/>
</kw>
<status status="PASS" starttime="20220927 19:31:13.944" endtime="20220927 19:31:14.217"/>
</kw>
<kw name="Toast Message Should Be">
<arg>Credenciais inválidas, tente novamente!</arg>
<kw name="Set Variable" library="BuiltIn">
<var>${locator}</var>
<arg>css=.Toastify__toast-body div &gt;&gt; text= ${expected_message}</arg>
<doc>Returns the given values which can then be assigned to a variables.</doc>
<msg timestamp="20220927 19:31:14.220" level="INFO">${locator} = css=.Toastify__toast-body div &gt;&gt; text= Credenciais inválidas, tente novamente!</msg>
<status status="PASS" starttime="20220927 19:31:14.219" endtime="20220927 19:31:14.220"/>
</kw>
<kw name="Wait For Elements State" library="Browser">
<arg>${locator}</arg>
<arg>visible</arg>
<arg>3</arg>
<tag>PageContent</tag>
<tag>Wait</tag>
<doc>Waits for the element found by ``selector`` to satisfy state option.</doc>
<msg timestamp="20220927 19:31:14.250" level="INFO">Waited for Element with selector css=.Toastify__toast-body div &gt;&gt; text= Credenciais inválidas, tente novamente! at state visible</msg>
<status status="PASS" starttime="20220927 19:31:14.220" endtime="20220927 19:31:14.250"/>
</kw>
<status status="PASS" starttime="20220927 19:31:14.218" endtime="20220927 19:31:14.251"/>
</kw>
<kw name="Sleep" library="BuiltIn">
<arg>5</arg>
<doc>Pauses the test executed for the given time.</doc>
<msg timestamp="20220927 19:31:19.264" level="INFO">Slept 5 seconds</msg>
<status status="PASS" starttime="20220927 19:31:14.252" endtime="20220927 19:31:19.264"/>
</kw>
<status status="PASS" starttime="20220927 19:31:09.977" endtime="20220927 19:31:19.265"/>
</test>
<doc>Login tests</doc>
<status status="PASS" starttime="20220927 19:31:02.063" endtime="20220927 19:31:19.601"/>
</suite>
<statistics>
<total>
<stat pass="2" fail="0" skip="0">All Tests</stat>
</total>
<tag>
</tag>
<suite>
<stat pass="2" fail="0" skip="0" id="s1" name="Login">Login</stat>
</suite>
</statistics>
<errors>
</errors>
</robot>
