<?xml version="1.0" encoding="UTF-8"?>
<robot generator="Robot 5.0.1 (Python 3.10.7 on win32)" generated="20221003 16:54:28.402" rpa="false" schemaversion="3">
<suite id="s1" name="Login" source="C:\Projetos\qaninja\vtd2\trade-sticker\tests\login.robot">
<test id="s1-t1" name="Deve logar com sucesso" line="10">
<kw name="Start Test" library="main" type="SETUP">
<kw name="New Browser" library="Browser">
<arg>headless=False</arg>
<arg>browser=${BROWSER}</arg>
<tag>BrowserControl</tag>
<tag>Setter</tag>
<doc>Create a new playwright Browser with specified options.</doc>
<msg timestamp="20221003 16:54:30.012" level="INFO">{"browser": "firefox", "headless": false, "devtools": false, "handleSIGHUP": true, "handleSIGINT": true, "handleSIGTERM": true, "slowMo": 0.0, "timeout": 30000.0, "deprecated_pos_args": [], "tracesDir": "C:\\Projetos\\qaninja\\vtd2\\trade-sticker\\logs\\browser\\traces\\776749d0-9434-452b-ba94-2febe1309d63"}</msg>
<msg timestamp="20221003 16:54:32.536" level="INFO">Successfully created browser with options: {"browser":"firefox","headless":false,"devtools":false,"handleSIGHUP":true,"handleSIGINT":true,"handleSIGTERM":true,"slowMo":0,"timeout":30000,"deprecated_pos_args":[],"tracesDir":"C:\\Projetos\\qaninja\\vtd2\\trade-sticker\\logs\\browser\\traces\\776749d0-9434-452b-ba94-2febe1309d63"}</msg>
<status status="PASS" starttime="20221003 16:54:30.009" endtime="20221003 16:54:32.537"/>
</kw>
<status status="PASS" starttime="20221003 16:54:30.006" endtime="20221003 16:54:32.538"/>
</kw>
<kw name="Go To Login Page" library="login">
<kw name="New Page" library="Browser">
<arg>https://trade-sticker-dev.vercel.app</arg>
<tag>BrowserControl</tag>
<tag>Setter</tag>
<doc>Open a new Page.</doc>
<msg timestamp="20221003 16:54:38.205" level="INFO">Successfully initialized new page object and opened url: https://trade-sticker-dev.vercel.app</msg>
<msg timestamp="20221003 16:54:38.209" level="INFO">No context was open. New context was automatically opened when this page is created.</msg>
<status status="PASS" starttime="20221003 16:54:32.581" endtime="20221003 16:54:38.212"/>
</kw>
<status status="PASS" starttime="20221003 16:54:32.580" endtime="20221003 16:54:38.214"/>
</kw>
<kw name="Submit Credentials" library="login">
<arg>papito@gmail.com</arg>
<arg>vaibrasil</arg>
<kw name="Fill Text" library="Browser">
<arg>css=input[name=email]</arg>
<arg>${email}</arg>
<tag>PageContent</tag>
<tag>Setter</tag>
<doc>Clears and fills the given ``txt`` into the text field found by ``selector``.</doc>
<msg timestamp="20221003 16:54:38.242" level="INFO">Fills the text 'papito@gmail.com' in the given field.</msg>
<status status="PASS" starttime="20221003 16:54:38.240" endtime="20221003 16:54:38.408"/>
</kw>
<kw name="Fill Text" library="Browser">
<arg>css=input[name=password]</arg>
<arg>${password}</arg>
<tag>PageContent</tag>
<tag>Setter</tag>
<doc>Clears and fills the given ``txt`` into the text field found by ``selector``.</doc>
<msg timestamp="20221003 16:54:38.409" level="INFO">Fills the text 'vaibrasil' in the given field.</msg>
<status status="PASS" starttime="20221003 16:54:38.409" endtime="20221003 16:54:38.507"/>
</kw>
<kw name="Click" library="Browser">
<arg>css=button &gt;&gt; text=Entrar</arg>
<tag>PageContent</tag>
<tag>Setter</tag>
<doc>Simulates mouse click on the element found by ``selector``.</doc>
<status status="PASS" starttime="20221003 16:54:38.508" endtime="20221003 16:54:38.645"/>
</kw>
<status status="PASS" starttime="20221003 16:54:38.239" endtime="20221003 16:54:38.645"/>
</kw>
<kw name="User Logged In" library="dash">
<kw name="Set Variable" library="BuiltIn">
<var>${header_title}</var>
<arg>Aquela figurinha incrível a um clique de distância.</arg>
<doc>Returns the given values which can then be assigned to a variables.</doc>
<msg timestamp="20221003 16:54:38.649" level="INFO">${header_title} = Aquela figurinha incrível a um clique de distância.</msg>
<status status="PASS" starttime="20221003 16:54:38.648" endtime="20221003 16:54:38.649"/>
</kw>
<kw name="Get Text" library="Browser">
<arg>css=.header-content strong</arg>
<arg>equal</arg>
<arg>${header_title}</arg>
<tag>Assertion</tag>
<tag>Getter</tag>
<tag>PageContent</tag>
<doc>Returns text attribute of the element found by ``selector``.</doc>
<status status="PASS" starttime="20221003 16:54:38.649" endtime="20221003 16:54:38.777"/>
</kw>
<status status="PASS" starttime="20221003 16:54:38.647" endtime="20221003 16:54:38.777"/>
</kw>
<kw name="Finish Test" library="main" type="TEARDOWN">
<kw name="Sleep" library="BuiltIn">
<arg>1</arg>
<doc>Pauses the test executed for the given time.</doc>
<msg timestamp="20221003 16:54:39.790" level="INFO">Slept 1 second</msg>
<status status="PASS" starttime="20221003 16:54:38.781" endtime="20221003 16:54:39.790"/>
</kw>
<kw name="Take Screenshot" library="Browser">
<tag>PageContent</tag>
<doc>Takes a screenshot of the current window or element and saves it to disk.</doc>
<msg timestamp="20221003 16:54:39.973" level="INFO" html="true">&lt;/td&gt;&lt;/tr&gt;&lt;tr&gt;&lt;td colspan="3"&gt;&lt;a href="browser/screenshot/robotframework-browser-screenshot-1.png"&gt;&lt;img src="browser/screenshot/robotframework-browser-screenshot-1.png" width="800px"&gt;&lt;/a&gt;</msg>
<status status="PASS" starttime="20221003 16:54:39.791" endtime="20221003 16:54:39.974"/>
</kw>
<status status="PASS" starttime="20221003 16:54:38.780" endtime="20221003 16:54:39.974"/>
</kw>
<status status="PASS" starttime="20221003 16:54:29.997" endtime="20221003 16:54:39.975"/>
</test>
<test id="s1-t2" name="Não deve logar com senha incorreta" line="15">
<kw name="Start Test" library="main" type="SETUP">
<kw name="New Browser" library="Browser">
<arg>headless=False</arg>
<arg>browser=${BROWSER}</arg>
<tag>BrowserControl</tag>
<tag>Setter</tag>
<doc>Create a new playwright Browser with specified options.</doc>
<msg timestamp="20221003 16:54:40.581" level="INFO">{"browser": "firefox", "headless": false, "devtools": false, "handleSIGHUP": true, "handleSIGINT": true, "handleSIGTERM": true, "slowMo": 0.0, "timeout": 30000.0, "deprecated_pos_args": [], "tracesDir": "C:\\Projetos\\qaninja\\vtd2\\trade-sticker\\logs\\browser\\traces\\9e8b8b4b-31ea-4e1a-8f53-5532dcbc15c1"}</msg>
<msg timestamp="20221003 16:54:43.189" level="INFO">Successfully created browser with options: {"browser":"firefox","headless":false,"devtools":false,"handleSIGHUP":true,"handleSIGINT":true,"handleSIGTERM":true,"slowMo":0,"timeout":30000,"deprecated_pos_args":[],"tracesDir":"C:\\Projetos\\qaninja\\vtd2\\trade-sticker\\logs\\browser\\traces\\9e8b8b4b-31ea-4e1a-8f53-5532dcbc15c1"}</msg>
<status status="PASS" starttime="20221003 16:54:40.579" endtime="20221003 16:54:43.189"/>
</kw>
<status status="PASS" starttime="20221003 16:54:40.577" endtime="20221003 16:54:43.190"/>
</kw>
<kw name="Go To Login Page" library="login">
<kw name="New Page" library="Browser">
<arg>https://trade-sticker-dev.vercel.app</arg>
<tag>BrowserControl</tag>
<tag>Setter</tag>
<doc>Open a new Page.</doc>
<msg timestamp="20221003 16:54:48.796" level="INFO">Successfully initialized new page object and opened url: https://trade-sticker-dev.vercel.app</msg>
<msg timestamp="20221003 16:54:48.797" level="INFO">No context was open. New context was automatically opened when this page is created.</msg>
<status status="PASS" starttime="20221003 16:54:43.209" endtime="20221003 16:54:48.797"/>
</kw>
<status status="PASS" starttime="20221003 16:54:43.208" endtime="20221003 16:54:48.798"/>
</kw>
<kw name="Submit Credentials" library="login">
<arg>papito@gmail.com</arg>
<arg>abc123</arg>
<kw name="Fill Text" library="Browser">
<arg>css=input[name=email]</arg>
<arg>${email}</arg>
<tag>PageContent</tag>
<tag>Setter</tag>
<doc>Clears and fills the given ``txt`` into the text field found by ``selector``.</doc>
<msg timestamp="20221003 16:54:48.811" level="INFO">Fills the text 'papito@gmail.com' in the given field.</msg>
<status status="PASS" starttime="20221003 16:54:48.809" endtime="20221003 16:54:48.972"/>
</kw>
<kw name="Fill Text" library="Browser">
<arg>css=input[name=password]</arg>
<arg>${password}</arg>
<tag>PageContent</tag>
<tag>Setter</tag>
<doc>Clears and fills the given ``txt`` into the text field found by ``selector``.</doc>
<msg timestamp="20221003 16:54:48.973" level="INFO">Fills the text 'abc123' in the given field.</msg>
<status status="PASS" starttime="20221003 16:54:48.973" endtime="20221003 16:54:49.062"/>
</kw>
<kw name="Click" library="Browser">
<arg>css=button &gt;&gt; text=Entrar</arg>
<tag>PageContent</tag>
<tag>Setter</tag>
<doc>Simulates mouse click on the element found by ``selector``.</doc>
<status status="PASS" starttime="20221003 16:54:49.064" endtime="20221003 16:54:49.189"/>
</kw>
<status status="PASS" starttime="20221003 16:54:48.808" endtime="20221003 16:54:49.189"/>
</kw>
<kw name="Toast Message Should Be" library="login">
<arg>Credenciais inválidas, tente novamente!</arg>
<kw name="Set Variable" library="BuiltIn">
<var>${locator}</var>
<arg>css=.Toastify__toast-body div &gt;&gt; text= ${expected_message}</arg>
<doc>Returns the given values which can then be assigned to a variables.</doc>
<msg timestamp="20221003 16:54:49.192" level="INFO">${locator} = css=.Toastify__toast-body div &gt;&gt; text= Credenciais inválidas, tente novamente!</msg>
<status status="PASS" starttime="20221003 16:54:49.191" endtime="20221003 16:54:49.192"/>
</kw>
<kw name="Wait For Elements State" library="Browser">
<arg>${locator}</arg>
<arg>visible</arg>
<arg>3</arg>
<tag>PageContent</tag>
<tag>Wait</tag>
<doc>Waits for the element found by ``selector`` to satisfy state option.</doc>
<msg timestamp="20221003 16:54:49.231" level="INFO">Waited for Element with selector css=.Toastify__toast-body div &gt;&gt; text= Credenciais inválidas, tente novamente! at state visible</msg>
<status status="PASS" starttime="20221003 16:54:49.192" endtime="20221003 16:54:49.234"/>
</kw>
<status status="PASS" starttime="20221003 16:54:49.190" endtime="20221003 16:54:49.235"/>
</kw>
<kw name="Finish Test" library="main" type="TEARDOWN">
<kw name="Sleep" library="BuiltIn">
<arg>1</arg>
<doc>Pauses the test executed for the given time.</doc>
<msg timestamp="20221003 16:54:50.245" level="INFO">Slept 1 second</msg>
<status status="PASS" starttime="20221003 16:54:49.239" endtime="20221003 16:54:50.246"/>
</kw>
<kw name="Take Screenshot" library="Browser">
<tag>PageContent</tag>
<doc>Takes a screenshot of the current window or element and saves it to disk.</doc>
<msg timestamp="20221003 16:54:50.472" level="INFO" html="true">&lt;/td&gt;&lt;/tr&gt;&lt;tr&gt;&lt;td colspan="3"&gt;&lt;a href="browser/screenshot/robotframework-browser-screenshot-2.png"&gt;&lt;img src="browser/screenshot/robotframework-browser-screenshot-2.png" width="800px"&gt;&lt;/a&gt;</msg>
<status status="PASS" starttime="20221003 16:54:50.247" endtime="20221003 16:54:50.472"/>
</kw>
<status status="PASS" starttime="20221003 16:54:49.239" endtime="20221003 16:54:50.472"/>
</kw>
<status status="PASS" starttime="20221003 16:54:40.570" endtime="20221003 16:54:50.474"/>
</test>
<test id="s1-t3" name="Não deve logar com a senha não preenchida" line="20">
<kw name="Start Test" library="main" type="SETUP">
<kw name="New Browser" library="Browser">
<arg>headless=False</arg>
<arg>browser=${BROWSER}</arg>
<tag>BrowserControl</tag>
<tag>Setter</tag>
<doc>Create a new playwright Browser with specified options.</doc>
<msg timestamp="20221003 16:54:50.845" level="INFO">{"browser": "firefox", "headless": false, "devtools": false, "handleSIGHUP": true, "handleSIGINT": true, "handleSIGTERM": true, "slowMo": 0.0, "timeout": 30000.0, "deprecated_pos_args": [], "tracesDir": "C:\\Projetos\\qaninja\\vtd2\\trade-sticker\\logs\\browser\\traces\\8eea4a3e-552a-4907-ab38-371d693b18f2"}</msg>
<msg timestamp="20221003 16:54:53.615" level="INFO">Successfully created browser with options: {"browser":"firefox","headless":false,"devtools":false,"handleSIGHUP":true,"handleSIGINT":true,"handleSIGTERM":true,"slowMo":0,"timeout":30000,"deprecated_pos_args":[],"tracesDir":"C:\\Projetos\\qaninja\\vtd2\\trade-sticker\\logs\\browser\\traces\\8eea4a3e-552a-4907-ab38-371d693b18f2"}</msg>
<status status="PASS" starttime="20221003 16:54:50.840" endtime="20221003 16:54:53.616"/>
</kw>
<status status="PASS" starttime="20221003 16:54:50.839" endtime="20221003 16:54:53.617"/>
</kw>
<kw name="Go To Login Page" library="login">
<kw name="New Page" library="Browser">
<arg>https://trade-sticker-dev.vercel.app</arg>
<tag>BrowserControl</tag>
<tag>Setter</tag>
<doc>Open a new Page.</doc>
<msg timestamp="20221003 16:54:59.234" level="INFO">Successfully initialized new page object and opened url: https://trade-sticker-dev.vercel.app</msg>
<msg timestamp="20221003 16:54:59.234" level="INFO">No context was open. New context was automatically opened when this page is created.</msg>
<status status="PASS" starttime="20221003 16:54:53.629" endtime="20221003 16:54:59.235"/>
</kw>
<status status="PASS" starttime="20221003 16:54:53.628" endtime="20221003 16:54:59.235"/>
</kw>
<kw name="Submit Credentials Without Password" library="login">
<arg>papito@gmail.com</arg>
<kw name="Fill Text" library="Browser">
<arg>css=input[name=email]</arg>
<arg>${email}</arg>
<tag>PageContent</tag>
<tag>Setter</tag>
<doc>Clears and fills the given ``txt`` into the text field found by ``selector``.</doc>
<msg timestamp="20221003 16:54:59.293" level="INFO">Fills the text 'papito@gmail.com' in the given field.</msg>
<status status="PASS" starttime="20221003 16:54:59.287" endtime="20221003 16:54:59.453"/>
</kw>
<kw name="Click" library="Browser">
<arg>css=button &gt;&gt; text=Entrar</arg>
<tag>PageContent</tag>
<tag>Setter</tag>
<doc>Simulates mouse click on the element found by ``selector``.</doc>
<status status="PASS" starttime="20221003 16:54:59.454" endtime="20221003 16:54:59.602"/>
</kw>
<status status="PASS" starttime="20221003 16:54:59.286" endtime="20221003 16:54:59.603"/>
</kw>
<kw name="Toast Message Should Be" library="login">
<arg>Por favor, informe a sua senha secreta!</arg>
<kw name="Set Variable" library="BuiltIn">
<var>${locator}</var>
<arg>css=.Toastify__toast-body div &gt;&gt; text= ${expected_message}</arg>
<doc>Returns the given values which can then be assigned to a variables.</doc>
<msg timestamp="20221003 16:54:59.606" level="INFO">${locator} = css=.Toastify__toast-body div &gt;&gt; text= Por favor, informe a sua senha secreta!</msg>
<status status="PASS" starttime="20221003 16:54:59.604" endtime="20221003 16:54:59.606"/>
</kw>
<kw name="Wait For Elements State" library="Browser">
<arg>${locator}</arg>
<arg>visible</arg>
<arg>3</arg>
<tag>PageContent</tag>
<tag>Wait</tag>
<doc>Waits for the element found by ``selector`` to satisfy state option.</doc>
<msg timestamp="20221003 16:54:59.655" level="INFO">Waited for Element with selector css=.Toastify__toast-body div &gt;&gt; text= Por favor, informe a sua senha secreta! at state visible</msg>
<status status="PASS" starttime="20221003 16:54:59.608" endtime="20221003 16:54:59.657"/>
</kw>
<status status="PASS" starttime="20221003 16:54:59.604" endtime="20221003 16:54:59.657"/>
</kw>
<kw name="Finish Test" library="main" type="TEARDOWN">
<kw name="Sleep" library="BuiltIn">
<arg>1</arg>
<doc>Pauses the test executed for the given time.</doc>
<msg timestamp="20221003 16:55:00.679" level="INFO">Slept 1 second</msg>
<status status="PASS" starttime="20221003 16:54:59.664" endtime="20221003 16:55:00.679"/>
</kw>
<kw name="Take Screenshot" library="Browser">
<tag>PageContent</tag>
<doc>Takes a screenshot of the current window or element and saves it to disk.</doc>
<msg timestamp="20221003 16:55:00.921" level="INFO" html="true">&lt;/td&gt;&lt;/tr&gt;&lt;tr&gt;&lt;td colspan="3"&gt;&lt;a href="browser/screenshot/robotframework-browser-screenshot-3.png"&gt;&lt;img src="browser/screenshot/robotframework-browser-screenshot-3.png" width="800px"&gt;&lt;/a&gt;</msg>
<status status="PASS" starttime="20221003 16:55:00.680" endtime="20221003 16:55:00.921"/>
</kw>
<status status="PASS" starttime="20221003 16:54:59.662" endtime="20221003 16:55:00.921"/>
</kw>
<status status="PASS" starttime="20221003 16:54:50.824" endtime="20221003 16:55:00.923"/>
</test>
<test id="s1-t4" name="Não deve logar com o email não preenchido" line="25">
<kw name="Start Test" library="main" type="SETUP">
<kw name="New Browser" library="Browser">
<arg>headless=False</arg>
<arg>browser=${BROWSER}</arg>
<tag>BrowserControl</tag>
<tag>Setter</tag>
<doc>Create a new playwright Browser with specified options.</doc>
<msg timestamp="20221003 16:55:01.148" level="INFO">{"browser": "firefox", "headless": false, "devtools": false, "handleSIGHUP": true, "handleSIGINT": true, "handleSIGTERM": true, "slowMo": 0.0, "timeout": 30000.0, "deprecated_pos_args": [], "tracesDir": "C:\\Projetos\\qaninja\\vtd2\\trade-sticker\\logs\\browser\\traces\\f61b825e-b969-4d48-a5cc-5471d93223ef"}</msg>
<msg timestamp="20221003 16:55:03.755" level="INFO">Successfully created browser with options: {"browser":"firefox","headless":false,"devtools":false,"handleSIGHUP":true,"handleSIGINT":true,"handleSIGTERM":true,"slowMo":0,"timeout":30000,"deprecated_pos_args":[],"tracesDir":"C:\\Projetos\\qaninja\\vtd2\\trade-sticker\\logs\\browser\\traces\\f61b825e-b969-4d48-a5cc-5471d93223ef"}</msg>
<status status="PASS" starttime="20221003 16:55:01.142" endtime="20221003 16:55:03.755"/>
</kw>
<status status="PASS" starttime="20221003 16:55:01.141" endtime="20221003 16:55:03.756"/>
</kw>
<kw name="Go To Login Page" library="login">
<kw name="New Page" library="Browser">
<arg>https://trade-sticker-dev.vercel.app</arg>
<tag>BrowserControl</tag>
<tag>Setter</tag>
<doc>Open a new Page.</doc>
<msg timestamp="20221003 16:55:09.552" level="INFO">Successfully initialized new page object and opened url: https://trade-sticker-dev.vercel.app</msg>
<msg timestamp="20221003 16:55:09.552" level="INFO">No context was open. New context was automatically opened when this page is created.</msg>
<status status="PASS" starttime="20221003 16:55:03.769" endtime="20221003 16:55:09.553"/>
</kw>
<status status="PASS" starttime="20221003 16:55:03.768" endtime="20221003 16:55:09.554"/>
</kw>
<kw name="Submit Credentials Without Email" library="login">
<arg>vaibrasil</arg>
<kw name="Fill Text" library="Browser">
<arg>css=input[name=password]</arg>
<arg>${password}</arg>
<tag>PageContent</tag>
<tag>Setter</tag>
<doc>Clears and fills the given ``txt`` into the text field found by ``selector``.</doc>
<msg timestamp="20221003 16:55:09.563" level="INFO">Fills the text 'vaibrasil' in the given field.</msg>
<status status="PASS" starttime="20221003 16:55:09.562" endtime="20221003 16:55:09.740"/>
</kw>
<kw name="Click" library="Browser">
<arg>css=button &gt;&gt; text=Entrar</arg>
<tag>PageContent</tag>
<tag>Setter</tag>
<doc>Simulates mouse click on the element found by ``selector``.</doc>
<status status="PASS" starttime="20221003 16:55:09.741" endtime="20221003 16:55:09.886"/>
</kw>
<status status="PASS" starttime="20221003 16:55:09.561" endtime="20221003 16:55:09.887"/>
</kw>
<kw name="Toast Message Should Be" library="login">
<arg>Por favor, informe o seu email!</arg>
<kw name="Set Variable" library="BuiltIn">
<var>${locator}</var>
<arg>css=.Toastify__toast-body div &gt;&gt; text= ${expected_message}</arg>
<doc>Returns the given values which can then be assigned to a variables.</doc>
<msg timestamp="20221003 16:55:09.893" level="INFO">${locator} = css=.Toastify__toast-body div &gt;&gt; text= Por favor, informe o seu email!</msg>
<status status="PASS" starttime="20221003 16:55:09.892" endtime="20221003 16:55:09.893"/>
</kw>
<kw name="Wait For Elements State" library="Browser">
<arg>${locator}</arg>
<arg>visible</arg>
<arg>3</arg>
<tag>PageContent</tag>
<tag>Wait</tag>
<doc>Waits for the element found by ``selector`` to satisfy state option.</doc>
<msg timestamp="20221003 16:55:09.940" level="INFO">Waited for Element with selector css=.Toastify__toast-body div &gt;&gt; text= Por favor, informe o seu email! at state visible</msg>
<status status="PASS" starttime="20221003 16:55:09.894" endtime="20221003 16:55:09.941"/>
</kw>
<status status="PASS" starttime="20221003 16:55:09.890" endtime="20221003 16:55:09.942"/>
</kw>
<kw name="Finish Test" library="main" type="TEARDOWN">
<kw name="Sleep" library="BuiltIn">
<arg>1</arg>
<doc>Pauses the test executed for the given time.</doc>
<msg timestamp="20221003 16:55:10.961" level="INFO">Slept 1 second</msg>
<status status="PASS" starttime="20221003 16:55:09.946" endtime="20221003 16:55:10.961"/>
</kw>
<kw name="Take Screenshot" library="Browser">
<tag>PageContent</tag>
<doc>Takes a screenshot of the current window or element and saves it to disk.</doc>
<msg timestamp="20221003 16:55:11.233" level="INFO" html="true">&lt;/td&gt;&lt;/tr&gt;&lt;tr&gt;&lt;td colspan="3"&gt;&lt;a href="browser/screenshot/robotframework-browser-screenshot-4.png"&gt;&lt;img src="browser/screenshot/robotframework-browser-screenshot-4.png" width="800px"&gt;&lt;/a&gt;</msg>
<status status="PASS" starttime="20221003 16:55:10.962" endtime="20221003 16:55:11.233"/>
</kw>
<status status="PASS" starttime="20221003 16:55:09.945" endtime="20221003 16:55:11.234"/>
</kw>
<status status="PASS" starttime="20221003 16:55:01.134" endtime="20221003 16:55:11.237"/>
</test>
<test id="s1-t5" name="Não deve logar com o email e senha não preenchidos" line="30">
<kw name="Start Test" library="main" type="SETUP">
<kw name="New Browser" library="Browser">
<arg>headless=False</arg>
<arg>browser=${BROWSER}</arg>
<tag>BrowserControl</tag>
<tag>Setter</tag>
<doc>Create a new playwright Browser with specified options.</doc>
<msg timestamp="20221003 16:55:11.646" level="INFO">{"browser": "firefox", "headless": false, "devtools": false, "handleSIGHUP": true, "handleSIGINT": true, "handleSIGTERM": true, "slowMo": 0.0, "timeout": 30000.0, "deprecated_pos_args": [], "tracesDir": "C:\\Projetos\\qaninja\\vtd2\\trade-sticker\\logs\\browser\\traces\\4cd28807-0ea1-4c68-a80e-4a350ffbb7a2"}</msg>
<msg timestamp="20221003 16:55:14.314" level="INFO">Successfully created browser with options: {"browser":"firefox","headless":false,"devtools":false,"handleSIGHUP":true,"handleSIGINT":true,"handleSIGTERM":true,"slowMo":0,"timeout":30000,"deprecated_pos_args":[],"tracesDir":"C:\\Projetos\\qaninja\\vtd2\\trade-sticker\\logs\\browser\\traces\\4cd28807-0ea1-4c68-a80e-4a350ffbb7a2"}</msg>
<status status="PASS" starttime="20221003 16:55:11.644" endtime="20221003 16:55:14.314"/>
</kw>
<status status="PASS" starttime="20221003 16:55:11.643" endtime="20221003 16:55:14.315"/>
</kw>
<kw name="Go To Login Page" library="login">
<kw name="New Page" library="Browser">
<arg>https://trade-sticker-dev.vercel.app</arg>
<tag>BrowserControl</tag>
<tag>Setter</tag>
<doc>Open a new Page.</doc>
<msg timestamp="20221003 16:55:20.104" level="INFO">Successfully initialized new page object and opened url: https://trade-sticker-dev.vercel.app</msg>
<msg timestamp="20221003 16:55:20.104" level="INFO">No context was open. New context was automatically opened when this page is created.</msg>
<status status="PASS" starttime="20221003 16:55:14.324" endtime="20221003 16:55:20.104"/>
</kw>
<status status="PASS" starttime="20221003 16:55:14.323" endtime="20221003 16:55:20.105"/>
</kw>
<kw name="Submit Without Credentials" library="login">
<kw name="Click" library="Browser">
<arg>css=button &gt;&gt; text=Entrar</arg>
<tag>PageContent</tag>
<tag>Setter</tag>
<doc>Simulates mouse click on the element found by ``selector``.</doc>
<status status="PASS" starttime="20221003 16:55:20.134" endtime="20221003 16:55:20.421"/>
</kw>
<status status="PASS" starttime="20221003 16:55:20.133" endtime="20221003 16:55:20.421"/>
</kw>
<kw name="Toast Message Should Be" library="login">
<arg>Por favor, informe suas credenciais!</arg>
<kw name="Set Variable" library="BuiltIn">
<var>${locator}</var>
<arg>css=.Toastify__toast-body div &gt;&gt; text= ${expected_message}</arg>
<doc>Returns the given values which can then be assigned to a variables.</doc>
<msg timestamp="20221003 16:55:20.424" level="INFO">${locator} = css=.Toastify__toast-body div &gt;&gt; text= Por favor, informe suas credenciais!</msg>
<status status="PASS" starttime="20221003 16:55:20.423" endtime="20221003 16:55:20.424"/>
</kw>
<kw name="Wait For Elements State" library="Browser">
<arg>${locator}</arg>
<arg>visible</arg>
<arg>3</arg>
<tag>PageContent</tag>
<tag>Wait</tag>
<doc>Waits for the element found by ``selector`` to satisfy state option.</doc>
<msg timestamp="20221003 16:55:20.484" level="INFO">Waited for Element with selector css=.Toastify__toast-body div &gt;&gt; text= Por favor, informe suas credenciais! at state visible</msg>
<status status="PASS" starttime="20221003 16:55:20.424" endtime="20221003 16:55:20.485"/>
</kw>
<status status="PASS" starttime="20221003 16:55:20.422" endtime="20221003 16:55:20.485"/>
</kw>
<kw name="Finish Test" library="main" type="TEARDOWN">
<kw name="Sleep" library="BuiltIn">
<arg>1</arg>
<doc>Pauses the test executed for the given time.</doc>
<msg timestamp="20221003 16:55:21.490" level="INFO">Slept 1 second</msg>
<status status="PASS" starttime="20221003 16:55:20.487" endtime="20221003 16:55:21.490"/>
</kw>
<kw name="Take Screenshot" library="Browser">
<tag>PageContent</tag>
<doc>Takes a screenshot of the current window or element and saves it to disk.</doc>
<msg timestamp="20221003 16:55:21.738" level="INFO" html="true">&lt;/td&gt;&lt;/tr&gt;&lt;tr&gt;&lt;td colspan="3"&gt;&lt;a href="browser/screenshot/robotframework-browser-screenshot-5.png"&gt;&lt;img src="browser/screenshot/robotframework-browser-screenshot-5.png" width="800px"&gt;&lt;/a&gt;</msg>
<status status="PASS" starttime="20221003 16:55:21.490" endtime="20221003 16:55:21.739"/>
</kw>
<status status="PASS" starttime="20221003 16:55:20.486" endtime="20221003 16:55:21.739"/>
</kw>
<status status="PASS" starttime="20221003 16:55:11.637" endtime="20221003 16:55:21.740"/>
</test>
<doc>Login tests</doc>
<status status="PASS" starttime="20221003 16:54:28.406" endtime="20221003 16:55:22.085"/>
</suite>
<statistics>
<total>
<stat pass="5" fail="0" skip="0">All Tests</stat>
</total>
<tag>
</tag>
<suite>
<stat pass="5" fail="0" skip="0" id="s1" name="Login">Login</stat>
</suite>
</statistics>
<errors>
</errors>
</robot>
