<?xml version="1.0" encoding="UTF-8"?>
<robot generator="Robot 5.0.1 (Python 3.10.7 on win32)" generated="20221002 17:07:05.055" rpa="false" schemaversion="3">
<suite id="s1" name="Tests" source="C:\Projetos\qaninja\vtd2\trade-sticker\tests">
<suite id="s1-s1" name="Login" source="C:\Projetos\qaninja\vtd2\trade-sticker\tests\login.robot">
<test id="s1-s1-t1" name="Deve logar com sucesso" line="10">
<kw name="Start Test" library="main" type="SETUP">
<kw name="New Browser" library="Browser">
<arg>headless=False</arg>
<arg>browser=${BROWSER}</arg>
<tag>BrowserControl</tag>
<tag>Setter</tag>
<doc>Create a new playwright Browser with specified options.</doc>
<msg timestamp="20221002 17:07:06.792" level="INFO">{"browser": "firefox", "headless": false, "devtools": false, "handleSIGHUP": true, "handleSIGINT": true, "handleSIGTERM": true, "slowMo": 0.0, "timeout": 30000.0, "deprecated_pos_args": [], "tracesDir": "C:\\Projetos\\qaninja\\vtd2\\trade-sticker\\logs\\browser\\traces\\c695b87c-dd98-4104-85f3-fdfb751d8cda"}</msg>
<msg timestamp="20221002 17:07:09.122" level="INFO">Successfully created browser with options: {"browser":"firefox","headless":false,"devtools":false,"handleSIGHUP":true,"handleSIGINT":true,"handleSIGTERM":true,"slowMo":0,"timeout":30000,"deprecated_pos_args":[],"tracesDir":"C:\\Projetos\\qaninja\\vtd2\\trade-sticker\\logs\\browser\\traces\\c695b87c-dd98-4104-85f3-fdfb751d8cda"}</msg>
<status status="PASS" starttime="20221002 17:07:06.790" endtime="20221002 17:07:09.123"/>
</kw>
<status status="PASS" starttime="20221002 17:07:06.789" endtime="20221002 17:07:09.123"/>
</kw>
<kw name="Go To Login Page" library="login">
<kw name="New Page" library="Browser">
<arg>https://trade-sticker-dev.vercel.app</arg>
<tag>BrowserControl</tag>
<tag>Setter</tag>
<doc>Open a new Page.</doc>
<msg timestamp="20221002 17:07:14.779" level="INFO">Successfully initialized new page object and opened url: https://trade-sticker-dev.vercel.app</msg>
<msg timestamp="20221002 17:07:14.779" level="INFO">No context was open. New context was automatically opened when this page is created.</msg>
<status status="PASS" starttime="20221002 17:07:09.136" endtime="20221002 17:07:14.779"/>
</kw>
<status status="PASS" starttime="20221002 17:07:09.135" endtime="20221002 17:07:14.780"/>
</kw>
<kw name="Submit Credentials" library="login">
<arg>papito@gmail.com</arg>
<arg>vaibrasil</arg>
<kw name="Fill Text" library="Browser">
<arg>css=input[name=email]</arg>
<arg>${email}</arg>
<tag>PageContent</tag>
<tag>Setter</tag>
<doc>Clears and fills the given ``txt`` into the text field found by ``selector``.</doc>
<msg timestamp="20221002 17:07:14.813" level="INFO">Fills the text 'papito@gmail.com' in the given field.</msg>
<status status="PASS" starttime="20221002 17:07:14.810" endtime="20221002 17:07:14.980"/>
</kw>
<kw name="Fill Text" library="Browser">
<arg>css=input[name=password]</arg>
<arg>${password}</arg>
<tag>PageContent</tag>
<tag>Setter</tag>
<doc>Clears and fills the given ``txt`` into the text field found by ``selector``.</doc>
<msg timestamp="20221002 17:07:14.981" level="INFO">Fills the text 'vaibrasil' in the given field.</msg>
<status status="PASS" starttime="20221002 17:07:14.981" endtime="20221002 17:07:15.044"/>
</kw>
<kw name="Click" library="Browser">
<arg>css=button &gt;&gt; text=Entrar</arg>
<tag>PageContent</tag>
<tag>Setter</tag>
<doc>Simulates mouse click on the element found by ``selector``.</doc>
<status status="PASS" starttime="20221002 17:07:15.045" endtime="20221002 17:07:15.232"/>
</kw>
<status status="PASS" starttime="20221002 17:07:14.809" endtime="20221002 17:07:15.233"/>
</kw>
<kw name="User Logged In" library="dash">
<kw name="Set Variable" library="BuiltIn">
<var>${header_title}</var>
<arg>Aquela figurinha incrível a um clique de distância.</arg>
<doc>Returns the given values which can then be assigned to a variables.</doc>
<msg timestamp="20221002 17:07:15.238" level="INFO">${header_title} = Aquela figurinha incrível a um clique de distância.</msg>
<status status="PASS" starttime="20221002 17:07:15.237" endtime="20221002 17:07:15.238"/>
</kw>
<kw name="Get Text" library="Browser">
<arg>css=.header-content strong</arg>
<arg>equal</arg>
<arg>${header_title}</arg>
<tag>Assertion</tag>
<tag>Getter</tag>
<tag>PageContent</tag>
<doc>Returns text attribute of the element found by ``selector``.</doc>
<status status="PASS" starttime="20221002 17:07:15.239" endtime="20221002 17:07:15.376"/>
</kw>
<status status="PASS" starttime="20221002 17:07:15.235" endtime="20221002 17:07:15.377"/>
</kw>
<kw name="Finish Test" library="main" type="TEARDOWN">
<kw name="Sleep" library="BuiltIn">
<arg>1</arg>
<doc>Pauses the test executed for the given time.</doc>
<msg timestamp="20221002 17:07:16.395" level="INFO">Slept 1 second</msg>
<status status="PASS" starttime="20221002 17:07:15.380" endtime="20221002 17:07:16.395"/>
</kw>
<kw name="Take Screenshot" library="Browser">
<tag>PageContent</tag>
<doc>Takes a screenshot of the current window or element and saves it to disk.</doc>
<msg timestamp="20221002 17:07:16.539" level="INFO" html="true">&lt;/td&gt;&lt;/tr&gt;&lt;tr&gt;&lt;td colspan="3"&gt;&lt;a href="browser/screenshot/robotframework-browser-screenshot-1.png"&gt;&lt;img src="browser/screenshot/robotframework-browser-screenshot-1.png" width="800px"&gt;&lt;/a&gt;</msg>
<status status="PASS" starttime="20221002 17:07:16.395" endtime="20221002 17:07:16.540"/>
</kw>
<status status="PASS" starttime="20221002 17:07:15.379" endtime="20221002 17:07:16.540"/>
</kw>
<status status="PASS" starttime="20221002 17:07:06.781" endtime="20221002 17:07:16.541"/>
</test>
<test id="s1-s1-t2" name="Não deve logar com senha incorreta" line="15">
<kw name="Start Test" library="main" type="SETUP">
<kw name="New Browser" library="Browser">
<arg>headless=False</arg>
<arg>browser=${BROWSER}</arg>
<tag>BrowserControl</tag>
<tag>Setter</tag>
<doc>Create a new playwright Browser with specified options.</doc>
<msg timestamp="20221002 17:07:16.900" level="INFO">{"browser": "firefox", "headless": false, "devtools": false, "handleSIGHUP": true, "handleSIGINT": true, "handleSIGTERM": true, "slowMo": 0.0, "timeout": 30000.0, "deprecated_pos_args": [], "tracesDir": "C:\\Projetos\\qaninja\\vtd2\\trade-sticker\\logs\\browser\\traces\\ee48507f-f7ce-4253-aa84-9526bb6e56af"}</msg>
<msg timestamp="20221002 17:07:19.407" level="INFO">Successfully created browser with options: {"browser":"firefox","headless":false,"devtools":false,"handleSIGHUP":true,"handleSIGINT":true,"handleSIGTERM":true,"slowMo":0,"timeout":30000,"deprecated_pos_args":[],"tracesDir":"C:\\Projetos\\qaninja\\vtd2\\trade-sticker\\logs\\browser\\traces\\ee48507f-f7ce-4253-aa84-9526bb6e56af"}</msg>
<status status="PASS" starttime="20221002 17:07:16.898" endtime="20221002 17:07:19.407"/>
</kw>
<status status="PASS" starttime="20221002 17:07:16.896" endtime="20221002 17:07:19.408"/>
</kw>
<kw name="Go To Login Page" library="login">
<kw name="New Page" library="Browser">
<arg>https://trade-sticker-dev.vercel.app</arg>
<tag>BrowserControl</tag>
<tag>Setter</tag>
<doc>Open a new Page.</doc>
<msg timestamp="20221002 17:07:24.866" level="INFO">Successfully initialized new page object and opened url: https://trade-sticker-dev.vercel.app</msg>
<msg timestamp="20221002 17:07:24.866" level="INFO">No context was open. New context was automatically opened when this page is created.</msg>
<status status="PASS" starttime="20221002 17:07:19.450" endtime="20221002 17:07:24.867"/>
</kw>
<status status="PASS" starttime="20221002 17:07:19.449" endtime="20221002 17:07:24.867"/>
</kw>
<kw name="Submit Credentials" library="login">
<arg>papito@gmail.com</arg>
<arg>abc123</arg>
<kw name="Fill Text" library="Browser">
<arg>css=input[name=email]</arg>
<arg>${email}</arg>
<tag>PageContent</tag>
<tag>Setter</tag>
<doc>Clears and fills the given ``txt`` into the text field found by ``selector``.</doc>
<msg timestamp="20221002 17:07:24.878" level="INFO">Fills the text 'papito@gmail.com' in the given field.</msg>
<status status="PASS" starttime="20221002 17:07:24.877" endtime="20221002 17:07:25.048"/>
</kw>
<kw name="Fill Text" library="Browser">
<arg>css=input[name=password]</arg>
<arg>${password}</arg>
<tag>PageContent</tag>
<tag>Setter</tag>
<doc>Clears and fills the given ``txt`` into the text field found by ``selector``.</doc>
<msg timestamp="20221002 17:07:25.050" level="INFO">Fills the text 'abc123' in the given field.</msg>
<status status="PASS" starttime="20221002 17:07:25.049" endtime="20221002 17:07:25.101"/>
</kw>
<kw name="Click" library="Browser">
<arg>css=button &gt;&gt; text=Entrar</arg>
<tag>PageContent</tag>
<tag>Setter</tag>
<doc>Simulates mouse click on the element found by ``selector``.</doc>
<status status="PASS" starttime="20221002 17:07:25.101" endtime="20221002 17:07:25.269"/>
</kw>
<status status="PASS" starttime="20221002 17:07:24.876" endtime="20221002 17:07:25.269"/>
</kw>
<kw name="Toast Message Should Be" library="login">
<arg>Credenciais inválidas, tente novamente!</arg>
<kw name="Set Variable" library="BuiltIn">
<var>${locator}</var>
<arg>css=.Toastify__toast-body div &gt;&gt; text= ${expected_message}</arg>
<doc>Returns the given values which can then be assigned to a variables.</doc>
<msg timestamp="20221002 17:07:25.272" level="INFO">${locator} = css=.Toastify__toast-body div &gt;&gt; text= Credenciais inválidas, tente novamente!</msg>
<status status="PASS" starttime="20221002 17:07:25.271" endtime="20221002 17:07:25.273"/>
</kw>
<kw name="Wait For Elements State" library="Browser">
<arg>${locator}</arg>
<arg>visible</arg>
<arg>3</arg>
<tag>PageContent</tag>
<tag>Wait</tag>
<doc>Waits for the element found by ``selector`` to satisfy state option.</doc>
<msg timestamp="20221002 17:07:25.316" level="INFO">Waited for Element with selector css=.Toastify__toast-body div &gt;&gt; text= Credenciais inválidas, tente novamente! at state visible</msg>
<status status="PASS" starttime="20221002 17:07:25.273" endtime="20221002 17:07:25.316"/>
</kw>
<status status="PASS" starttime="20221002 17:07:25.270" endtime="20221002 17:07:25.317"/>
</kw>
<kw name="Finish Test" library="main" type="TEARDOWN">
<kw name="Sleep" library="BuiltIn">
<arg>1</arg>
<doc>Pauses the test executed for the given time.</doc>
<msg timestamp="20221002 17:07:26.329" level="INFO">Slept 1 second</msg>
<status status="PASS" starttime="20221002 17:07:25.322" endtime="20221002 17:07:26.331"/>
</kw>
<kw name="Take Screenshot" library="Browser">
<tag>PageContent</tag>
<doc>Takes a screenshot of the current window or element and saves it to disk.</doc>
<msg timestamp="20221002 17:07:26.589" level="INFO" html="true">&lt;/td&gt;&lt;/tr&gt;&lt;tr&gt;&lt;td colspan="3"&gt;&lt;a href="browser/screenshot/robotframework-browser-screenshot-2.png"&gt;&lt;img src="browser/screenshot/robotframework-browser-screenshot-2.png" width="800px"&gt;&lt;/a&gt;</msg>
<status status="PASS" starttime="20221002 17:07:26.332" endtime="20221002 17:07:26.589"/>
</kw>
<status status="PASS" starttime="20221002 17:07:25.321" endtime="20221002 17:07:26.590"/>
</kw>
<status status="PASS" starttime="20221002 17:07:16.872" endtime="20221002 17:07:26.590"/>
</test>
<doc>Login tests</doc>
<status status="PASS" starttime="20221002 17:07:05.099" endtime="20221002 17:07:26.761"/>
</suite>
<suite id="s1-s2" name="Slogan" source="C:\Projetos\qaninja\vtd2\trade-sticker\tests\slogan.robot">
<test id="s1-s2-t1" name="Deve validar o slogan da home page" line="8">
<kw name="New Browser" library="Browser">
<arg>headless=False</arg>
<tag>BrowserControl</tag>
<tag>Setter</tag>
<doc>Create a new playwright Browser with specified options.</doc>
<msg timestamp="20221002 17:07:26.977" level="INFO">{"browser": "chromium", "headless": false, "devtools": false, "handleSIGHUP": true, "handleSIGINT": true, "handleSIGTERM": true, "slowMo": 0.0, "timeout": 30000.0, "deprecated_pos_args": [], "tracesDir": "C:\\Projetos\\qaninja\\vtd2\\trade-sticker\\logs\\browser\\traces\\2595aa18-fec4-4966-9755-bb4372b8595e"}</msg>
<msg timestamp="20221002 17:07:28.451" level="INFO">Successfully created browser with options: {"browser":"chromium","headless":false,"devtools":false,"handleSIGHUP":true,"handleSIGINT":true,"handleSIGTERM":true,"slowMo":0,"timeout":30000,"deprecated_pos_args":[],"tracesDir":"C:\\Projetos\\qaninja\\vtd2\\trade-sticker\\logs\\browser\\traces\\2595aa18-fec4-4966-9755-bb4372b8595e"}</msg>
<status status="PASS" starttime="20221002 17:07:26.976" endtime="20221002 17:07:28.451"/>
</kw>
<kw name="New Page" library="Browser">
<arg>https://trade-sticker-dev.vercel.app</arg>
<tag>BrowserControl</tag>
<tag>Setter</tag>
<doc>Open a new Page.</doc>
<msg timestamp="20221002 17:07:31.439" level="INFO">Successfully initialized new page object and opened url: https://trade-sticker-dev.vercel.app</msg>
<msg timestamp="20221002 17:07:31.439" level="INFO">No context was open. New context was automatically opened when this page is created.</msg>
<status status="PASS" starttime="20221002 17:07:28.495" endtime="20221002 17:07:31.440"/>
</kw>
<kw name="Get Text" library="Browser">
<arg>.logo-container h2</arg>
<arg>contains</arg>
<arg>${slogan}</arg>
<tag>Assertion</tag>
<tag>Getter</tag>
<tag>PageContent</tag>
<doc>Returns text attribute of the element found by ``selector``.</doc>
<status status="PASS" starttime="20221002 17:07:31.444" endtime="20221002 17:07:31.563"/>
</kw>
<kw name="Take Screenshot" library="Browser">
<tag>PageContent</tag>
<doc>Takes a screenshot of the current window or element and saves it to disk.</doc>
<msg timestamp="20221002 17:07:32.308" level="INFO" html="true">&lt;/td&gt;&lt;/tr&gt;&lt;tr&gt;&lt;td colspan="3"&gt;&lt;a href="browser/screenshot/robotframework-browser-screenshot-3.png"&gt;&lt;img src="browser/screenshot/robotframework-browser-screenshot-3.png" width="800px"&gt;&lt;/a&gt;</msg>
<status status="PASS" starttime="20221002 17:07:31.564" endtime="20221002 17:07:32.310"/>
</kw>
<status status="PASS" starttime="20221002 17:07:26.968" endtime="20221002 17:07:32.312"/>
</test>
<status status="PASS" starttime="20221002 17:07:26.938" endtime="20221002 17:07:32.597"/>
</suite>
<suite id="s1-s3" name="Trade" source="C:\Projetos\qaninja\vtd2\trade-sticker\tests\trade.robot">
<test id="s1-s3-t1" name="Deve negociar a figurinha Neymar Legend" line="10">
<kw name="Start Test" library="main" type="SETUP">
<kw name="New Browser" library="Browser">
<arg>headless=False</arg>
<arg>browser=${BROWSER}</arg>
<tag>BrowserControl</tag>
<tag>Setter</tag>
<doc>Create a new playwright Browser with specified options.</doc>
<msg timestamp="20221002 17:07:32.676" level="INFO">{"browser": "firefox", "headless": false, "devtools": false, "handleSIGHUP": true, "handleSIGINT": true, "handleSIGTERM": true, "slowMo": 0.0, "timeout": 30000.0, "deprecated_pos_args": [], "tracesDir": "C:\\Projetos\\qaninja\\vtd2\\trade-sticker\\logs\\browser\\traces\\e9ed7f9f-f69c-4122-a9d8-2b5e248c562d"}</msg>
<msg timestamp="20221002 17:07:35.641" level="INFO">Successfully created browser with options: {"browser":"firefox","headless":false,"devtools":false,"handleSIGHUP":true,"handleSIGINT":true,"handleSIGTERM":true,"slowMo":0,"timeout":30000,"deprecated_pos_args":[],"tracesDir":"C:\\Projetos\\qaninja\\vtd2\\trade-sticker\\logs\\browser\\traces\\e9ed7f9f-f69c-4122-a9d8-2b5e248c562d"}</msg>
<status status="PASS" starttime="20221002 17:07:32.675" endtime="20221002 17:07:35.641"/>
</kw>
<status status="PASS" starttime="20221002 17:07:32.674" endtime="20221002 17:07:35.642"/>
</kw>
<kw name="Do Login" library="main">
<kw name="Go To Login Page" library="login">
<kw name="New Page" library="Browser">
<arg>https://trade-sticker-dev.vercel.app</arg>
<tag>BrowserControl</tag>
<tag>Setter</tag>
<doc>Open a new Page.</doc>
<msg timestamp="20221002 17:07:41.242" level="INFO">Successfully initialized new page object and opened url: https://trade-sticker-dev.vercel.app</msg>
<msg timestamp="20221002 17:07:41.242" level="INFO">No context was open. New context was automatically opened when this page is created.</msg>
<status status="PASS" starttime="20221002 17:07:35.654" endtime="20221002 17:07:41.242"/>
</kw>
<status status="PASS" starttime="20221002 17:07:35.653" endtime="20221002 17:07:41.243"/>
</kw>
<kw name="Submit Credentials" library="login">
<arg>papito@gmail.com</arg>
<arg>vaibrasil</arg>
<kw name="Fill Text" library="Browser">
<arg>css=input[name=email]</arg>
<arg>${email}</arg>
<tag>PageContent</tag>
<tag>Setter</tag>
<doc>Clears and fills the given ``txt`` into the text field found by ``selector``.</doc>
<msg timestamp="20221002 17:07:41.248" level="INFO">Fills the text 'papito@gmail.com' in the given field.</msg>
<status status="PASS" starttime="20221002 17:07:41.247" endtime="20221002 17:07:41.399"/>
</kw>
<kw name="Fill Text" library="Browser">
<arg>css=input[name=password]</arg>
<arg>${password}</arg>
<tag>PageContent</tag>
<tag>Setter</tag>
<doc>Clears and fills the given ``txt`` into the text field found by ``selector``.</doc>
<msg timestamp="20221002 17:07:41.401" level="INFO">Fills the text 'vaibrasil' in the given field.</msg>
<status status="PASS" starttime="20221002 17:07:41.400" endtime="20221002 17:07:41.462"/>
</kw>
<kw name="Click" library="Browser">
<arg>css=button &gt;&gt; text=Entrar</arg>
<tag>PageContent</tag>
<tag>Setter</tag>
<doc>Simulates mouse click on the element found by ``selector``.</doc>
<status status="PASS" starttime="20221002 17:07:41.462" endtime="20221002 17:07:41.654"/>
</kw>
<status status="PASS" starttime="20221002 17:07:41.244" endtime="20221002 17:07:41.654"/>
</kw>
<kw name="User Logged In" library="dash">
<kw name="Set Variable" library="BuiltIn">
<var>${header_title}</var>
<arg>Aquela figurinha incrível a um clique de distância.</arg>
<doc>Returns the given values which can then be assigned to a variables.</doc>
<msg timestamp="20221002 17:07:41.656" level="INFO">${header_title} = Aquela figurinha incrível a um clique de distância.</msg>
<status status="PASS" starttime="20221002 17:07:41.656" endtime="20221002 17:07:41.657"/>
</kw>
<kw name="Get Text" library="Browser">
<arg>css=.header-content strong</arg>
<arg>equal</arg>
<arg>${header_title}</arg>
<tag>Assertion</tag>
<tag>Getter</tag>
<tag>PageContent</tag>
<doc>Returns text attribute of the element found by ``selector``.</doc>
<status status="PASS" starttime="20221002 17:07:41.657" endtime="20221002 17:07:41.746"/>
</kw>
<status status="PASS" starttime="20221002 17:07:41.655" endtime="20221002 17:07:41.748"/>
</kw>
<status status="PASS" starttime="20221002 17:07:35.651" endtime="20221002 17:07:41.749"/>
</kw>
<kw name="Search User" library="dash">
<arg>legend</arg>
<kw name="Fill Text" library="Browser">
<arg>input[placeholder^=Busque]</arg>
<arg>${target}</arg>
<tag>PageContent</tag>
<tag>Setter</tag>
<doc>Clears and fills the given ``txt`` into the text field found by ``selector``.</doc>
<msg timestamp="20221002 17:07:41.752" level="INFO">Fills the text 'legend' in the given field.</msg>
<status status="PASS" starttime="20221002 17:07:41.752" endtime="20221002 17:07:41.838"/>
</kw>
<kw name="Click" library="Browser">
<arg>css=button &gt;&gt; text=Buscar</arg>
<tag>PageContent</tag>
<tag>Setter</tag>
<doc>Simulates mouse click on the element found by ``selector``.</doc>
<status status="PASS" starttime="20221002 17:07:41.839" endtime="20221002 17:07:41.939"/>
</kw>
<status status="PASS" starttime="20221002 17:07:41.751" endtime="20221002 17:07:41.940"/>
</kw>
<kw name="Select Sticker" library="dash">
<arg>Neymar Jr</arg>
<kw name="Click" library="Browser">
<arg>xpath=//img[@alt="${name}"]/..</arg>
<tag>PageContent</tag>
<tag>Setter</tag>
<doc>Simulates mouse click on the element found by ``selector``.</doc>
<status status="PASS" starttime="20221002 17:07:41.943" endtime="20221002 17:07:43.180"/>
</kw>
<status status="PASS" starttime="20221002 17:07:41.942" endtime="20221002 17:07:43.183"/>
</kw>
<kw name="Get In Touch" library="dash">
<kw name="Click" library="Browser">
<arg>css=button &gt;&gt; text=Entrar em contato</arg>
<tag>PageContent</tag>
<tag>Setter</tag>
<doc>Simulates mouse click on the element found by ``selector``.</doc>
<status status="PASS" starttime="20221002 17:07:43.192" endtime="20221002 17:07:43.642"/>
</kw>
<status status="PASS" starttime="20221002 17:07:43.190" endtime="20221002 17:07:43.642"/>
</kw>
<kw name="Whatsapp Sticker Message" library="dash">
<arg>Neymar Jr</arg>
<kw name="Set Variable" library="BuiltIn">
<var>${expected_message}</var>
<arg>Oi, achei o seu contato no Trade Sticker. Estou interessado(a) na figurinha do ${sticker_name}, bora negociar?</arg>
<doc>Returns the given values which can then be assigned to a variables.</doc>
<msg timestamp="20221002 17:07:43.645" level="INFO">${expected_message} = Oi, achei o seu contato no Trade Sticker. Estou interessado(a) na figurinha do Neymar Jr, bora negociar?</msg>
<status status="PASS" starttime="20221002 17:07:43.644" endtime="20221002 17:07:43.645"/>
</kw>
<kw name="Switch Page" library="Browser">
<arg>NEW</arg>
<tag>BrowserControl</tag>
<tag>Setter</tag>
<doc>Switches the active browser page to another open page by ``id`` or ``NEW``.</doc>
<msg timestamp="20221002 17:07:43.647" level="INFO">Switching to page NEW,context CURRENT, browser CURRENT</msg>
<msg timestamp="20221002 17:07:44.590" level="INFO">Activated new page page=19e44044-e6b8-4c3a-88f8-e139ec7a909d</msg>
<status status="PASS" starttime="20221002 17:07:43.645" endtime="20221002 17:07:44.590"/>
</kw>
<kw name="Wait For Elements State" library="Browser">
<arg>css=p &gt;&gt; text=${expected_message}</arg>
<arg>visible</arg>
<arg>5000</arg>
<tag>PageContent</tag>
<tag>Wait</tag>
<doc>Waits for the element found by ``selector`` to satisfy state option.</doc>
<msg timestamp="20221002 17:07:45.422" level="INFO">Waited for Element with selector css=p &gt;&gt; text=Oi, achei o seu contato no Trade Sticker. Estou interessado(a) na figurinha do Neymar Jr, bora negociar? at state visible</msg>
<status status="PASS" starttime="20221002 17:07:44.591" endtime="20221002 17:07:45.422"/>
</kw>
<status status="PASS" starttime="20221002 17:07:43.643" endtime="20221002 17:07:45.423"/>
</kw>
<kw name="Finish Test" library="main" type="TEARDOWN">
<kw name="Sleep" library="BuiltIn">
<arg>1</arg>
<doc>Pauses the test executed for the given time.</doc>
<msg timestamp="20221002 17:07:46.438" level="INFO">Slept 1 second</msg>
<status status="PASS" starttime="20221002 17:07:45.426" endtime="20221002 17:07:46.438"/>
</kw>
<kw name="Take Screenshot" library="Browser">
<tag>PageContent</tag>
<doc>Takes a screenshot of the current window or element and saves it to disk.</doc>
<msg timestamp="20221002 17:07:46.509" level="INFO" html="true">&lt;/td&gt;&lt;/tr&gt;&lt;tr&gt;&lt;td colspan="3"&gt;&lt;a href="browser/screenshot/robotframework-browser-screenshot-4.png"&gt;&lt;img src="browser/screenshot/robotframework-browser-screenshot-4.png" width="800px"&gt;&lt;/a&gt;</msg>
<status status="PASS" starttime="20221002 17:07:46.439" endtime="20221002 17:07:46.509"/>
</kw>
<status status="PASS" starttime="20221002 17:07:45.424" endtime="20221002 17:07:46.510"/>
</kw>
<status status="PASS" starttime="20221002 17:07:32.667" endtime="20221002 17:07:46.510"/>
</test>
<doc>Teste de negociação de figurinhas da copa</doc>
<status status="PASS" starttime="20221002 17:07:32.612" endtime="20221002 17:07:46.965"/>
</suite>
<status status="PASS" starttime="20221002 17:07:05.059" endtime="20221002 17:07:46.977"/>
</suite>
<statistics>
<total>
<stat pass="4" fail="0" skip="0">All Tests</stat>
</total>
<tag>
</tag>
<suite>
<stat pass="4" fail="0" skip="0" id="s1" name="Tests">Tests</stat>
<stat pass="2" fail="0" skip="0" id="s1-s1" name="Login">Tests.Login</stat>
<stat pass="1" fail="0" skip="0" id="s1-s2" name="Slogan">Tests.Slogan</stat>
<stat pass="1" fail="0" skip="0" id="s1-s3" name="Trade">Tests.Trade</stat>
</suite>
</statistics>
<errors>
</errors>
</robot>
