<?xml version="1.0" encoding="UTF-8"?>
<robot generator="Robot 5.0.1 (Python 3.10.7 on win32)" generated="20220928 12:34:59.750" rpa="false" schemaversion="3">
<suite id="s1" name="Login" source="C:\Projetos\qaninja\vtd2\trade-sticker\tests\login.robot">
<test id="s1-t1" name="Deve logar com sucesso" line="7">
<kw name="Go To Login Page" library="login">
<kw name="New Browser" library="Browser">
<arg>headless=False</arg>
<tag>BrowserControl</tag>
<tag>Setter</tag>
<doc>Create a new playwright Browser with specified options.</doc>
<msg timestamp="20220928 12:35:02.787" level="INFO">{"browser": "chromium", "headless": false, "devtools": false, "handleSIGHUP": true, "handleSIGINT": true, "handleSIGTERM": true, "slowMo": 0.0, "timeout": 30000.0, "deprecated_pos_args": [], "tracesDir": "C:\\Projetos\\qaninja\\vtd2\\trade-sticker\\logs\\browser\\traces\\945254ff-4979-4793-a531-a32cbf561453"}</msg>
<msg timestamp="20220928 12:35:06.205" level="INFO">Successfully created browser with options: {"browser":"chromium","headless":false,"devtools":false,"handleSIGHUP":true,"handleSIGINT":true,"handleSIGTERM":true,"slowMo":0,"timeout":30000,"deprecated_pos_args":[],"tracesDir":"C:\\Projetos\\qaninja\\vtd2\\trade-sticker\\logs\\browser\\traces\\945254ff-4979-4793-a531-a32cbf561453"}</msg>
<status status="PASS" starttime="20220928 12:35:02.786" endtime="20220928 12:35:06.205"/>
</kw>
<kw name="New Page" library="Browser">
<arg>https://trade-sticker-dev.vercel.app</arg>
<tag>BrowserControl</tag>
<tag>Setter</tag>
<doc>Open a new Page.</doc>
<msg timestamp="20220928 12:35:09.538" level="INFO">Successfully initialized new page object and opened url: https://trade-sticker-dev.vercel.app</msg>
<msg timestamp="20220928 12:35:09.539" level="INFO">No context was open. New context was automatically opened when this page is created.</msg>
<status status="PASS" starttime="20220928 12:35:06.206" endtime="20220928 12:35:09.539"/>
</kw>
<status status="PASS" starttime="20220928 12:35:02.784" endtime="20220928 12:35:09.540"/>
</kw>
<kw name="Submit Credentials" library="login">
<arg>papito@gmail.com</arg>
<arg>vaibrasil</arg>
<kw name="Fill Text" library="Browser">
<arg>css=input[name=email]</arg>
<arg>${email}</arg>
<tag>PageContent</tag>
<tag>Setter</tag>
<doc>Clears and fills the given ``txt`` into the text field found by ``selector``.</doc>
<msg timestamp="20220928 12:35:09.543" level="INFO">Fills the text 'papito@gmail.com' in the given field.</msg>
<status status="PASS" starttime="20220928 12:35:09.543" endtime="20220928 12:35:09.705"/>
</kw>
<kw name="Fill Text" library="Browser">
<arg>css=input[name=password]</arg>
<arg>${password}</arg>
<tag>PageContent</tag>
<tag>Setter</tag>
<doc>Clears and fills the given ``txt`` into the text field found by ``selector``.</doc>
<msg timestamp="20220928 12:35:09.706" level="INFO">Fills the text 'vaibrasil' in the given field.</msg>
<status status="PASS" starttime="20220928 12:35:09.705" endtime="20220928 12:35:09.772"/>
</kw>
<kw name="Click" library="Browser">
<arg>css=button &gt;&gt; text=Entrar</arg>
<tag>PageContent</tag>
<tag>Setter</tag>
<doc>Simulates mouse click on the element found by ``selector``.</doc>
<status status="PASS" starttime="20220928 12:35:09.772" endtime="20220928 12:35:09.891"/>
</kw>
<status status="PASS" starttime="20220928 12:35:09.541" endtime="20220928 12:35:09.891"/>
</kw>
<kw name="User Logged In" library="dash">
<kw name="Set Variable" library="BuiltIn">
<var>${header_title}</var>
<arg>Aquela figurinha incrível a um clique de distância.</arg>
<doc>Returns the given values which can then be assigned to a variables.</doc>
<msg timestamp="20220928 12:35:09.897" level="INFO">${header_title} = Aquela figurinha incrível a um clique de distância.</msg>
<status status="PASS" starttime="20220928 12:35:09.896" endtime="20220928 12:35:09.897"/>
</kw>
<kw name="Get Text" library="Browser">
<arg>css=.header-content strong</arg>
<arg>equal</arg>
<arg>${header_title}</arg>
<tag>Assertion</tag>
<tag>Getter</tag>
<tag>PageContent</tag>
<doc>Returns text attribute of the element found by ``selector``.</doc>
<status status="PASS" starttime="20220928 12:35:09.898" endtime="20220928 12:35:10.019"/>
</kw>
<status status="PASS" starttime="20220928 12:35:09.895" endtime="20220928 12:35:10.019"/>
</kw>
<status status="PASS" starttime="20220928 12:35:02.774" endtime="20220928 12:35:10.026"/>
</test>
<test id="s1-t2" name="Não deve logar com senha incorreta" line="12">
<kw name="Go To Login Page" library="login">
<kw name="New Browser" library="Browser">
<arg>headless=False</arg>
<tag>BrowserControl</tag>
<tag>Setter</tag>
<doc>Create a new playwright Browser with specified options.</doc>
<msg timestamp="20220928 12:35:10.333" level="INFO">{"browser": "chromium", "headless": false, "devtools": false, "handleSIGHUP": true, "handleSIGINT": true, "handleSIGTERM": true, "slowMo": 0.0, "timeout": 30000.0, "deprecated_pos_args": [], "tracesDir": "C:\\Projetos\\qaninja\\vtd2\\trade-sticker\\logs\\browser\\traces\\0c0f8e7a-cbe1-4005-982f-ed1023130e6b"}</msg>
<msg timestamp="20220928 12:35:11.808" level="INFO">Successfully created browser with options: {"browser":"chromium","headless":false,"devtools":false,"handleSIGHUP":true,"handleSIGINT":true,"handleSIGTERM":true,"slowMo":0,"timeout":30000,"deprecated_pos_args":[],"tracesDir":"C:\\Projetos\\qaninja\\vtd2\\trade-sticker\\logs\\browser\\traces\\0c0f8e7a-cbe1-4005-982f-ed1023130e6b"}</msg>
<status status="PASS" starttime="20220928 12:35:10.332" endtime="20220928 12:35:11.809"/>
</kw>
<kw name="New Page" library="Browser">
<arg>https://trade-sticker-dev.vercel.app</arg>
<tag>BrowserControl</tag>
<tag>Setter</tag>
<doc>Open a new Page.</doc>
<msg timestamp="20220928 12:35:14.846" level="INFO">Successfully initialized new page object and opened url: https://trade-sticker-dev.vercel.app</msg>
<msg timestamp="20220928 12:35:14.846" level="INFO">No context was open. New context was automatically opened when this page is created.</msg>
<status status="PASS" starttime="20220928 12:35:11.809" endtime="20220928 12:35:14.846"/>
</kw>
<status status="PASS" starttime="20220928 12:35:10.331" endtime="20220928 12:35:14.847"/>
</kw>
<kw name="Submit Credentials" library="login">
<arg>papito@gmail.com</arg>
<arg>abc123</arg>
<kw name="Fill Text" library="Browser">
<arg>css=input[name=email]</arg>
<arg>${email}</arg>
<tag>PageContent</tag>
<tag>Setter</tag>
<doc>Clears and fills the given ``txt`` into the text field found by ``selector``.</doc>
<msg timestamp="20220928 12:35:14.852" level="INFO">Fills the text 'papito@gmail.com' in the given field.</msg>
<status status="PASS" starttime="20220928 12:35:14.851" endtime="20220928 12:35:14.982"/>
</kw>
<kw name="Fill Text" library="Browser">
<arg>css=input[name=password]</arg>
<arg>${password}</arg>
<tag>PageContent</tag>
<tag>Setter</tag>
<doc>Clears and fills the given ``txt`` into the text field found by ``selector``.</doc>
<msg timestamp="20220928 12:35:14.985" level="INFO">Fills the text 'abc123' in the given field.</msg>
<status status="PASS" starttime="20220928 12:35:14.984" endtime="20220928 12:35:15.022"/>
</kw>
<kw name="Click" library="Browser">
<arg>css=button &gt;&gt; text=Entrar</arg>
<tag>PageContent</tag>
<tag>Setter</tag>
<doc>Simulates mouse click on the element found by ``selector``.</doc>
<status status="PASS" starttime="20220928 12:35:15.023" endtime="20220928 12:35:15.080"/>
</kw>
<status status="PASS" starttime="20220928 12:35:14.850" endtime="20220928 12:35:15.081"/>
</kw>
<kw name="Toast Message Should Be" library="login">
<arg>Credenciais inválidas, tente novamente!</arg>
<kw name="Set Variable" library="BuiltIn">
<var>${locator}</var>
<arg>css=.Toastify__toast-body div &gt;&gt; text= ${expected_message}</arg>
<doc>Returns the given values which can then be assigned to a variables.</doc>
<msg timestamp="20220928 12:35:15.086" level="INFO">${locator} = css=.Toastify__toast-body div &gt;&gt; text= Credenciais inválidas, tente novamente!</msg>
<status status="PASS" starttime="20220928 12:35:15.084" endtime="20220928 12:35:15.086"/>
</kw>
<kw name="Wait For Elements State" library="Browser">
<arg>${locator}</arg>
<arg>visible</arg>
<arg>3</arg>
<tag>PageContent</tag>
<tag>Wait</tag>
<doc>Waits for the element found by ``selector`` to satisfy state option.</doc>
<msg timestamp="20220928 12:35:15.126" level="INFO">Waited for Element with selector css=.Toastify__toast-body div &gt;&gt; text= Credenciais inválidas, tente novamente! at state visible</msg>
<status status="PASS" starttime="20220928 12:35:15.087" endtime="20220928 12:35:15.127"/>
</kw>
<status status="PASS" starttime="20220928 12:35:15.082" endtime="20220928 12:35:15.127"/>
</kw>
<kw name="Sleep" library="BuiltIn">
<arg>5</arg>
<doc>Pauses the test executed for the given time.</doc>
<msg timestamp="20220928 12:35:20.138" level="INFO">Slept 5 seconds</msg>
<status status="PASS" starttime="20220928 12:35:15.128" endtime="20220928 12:35:20.138"/>
</kw>
<status status="PASS" starttime="20220928 12:35:10.323" endtime="20220928 12:35:20.140"/>
</test>
<doc>Login tests</doc>
<status status="PASS" starttime="20220928 12:34:59.753" endtime="20220928 12:35:20.419"/>
</suite>
<statistics>
<total>
<stat pass="2" fail="0" skip="0">All Tests</stat>
</total>
<tag>
</tag>
<suite>
<stat pass="2" fail="0" skip="0" id="s1" name="Login">Login</stat>
</suite>
</statistics>
<errors>
</errors>
</robot>
